cycle[     1] rcv data: 0xa
cycle[     2] snd credit: 1
cycle[     2] rcv data: 0xb
cycle[     3] snd credit: 1
cycle[     3] rcv data: 0xc
cycle[     4] snd credit: 1
cycle[     5] snd credit: 1
cycle[     6] snd credit: 1
cycle[     7] snd credit: 1
cycle[     7] rcv data: 0xd
cycle[     8] snd credit: 1
cycle[     9] snd credit: 1
cycle[    10] snd credit: 1
cycle[    11] snd credit: 1
cycle[    12] snd credit: 1
cycle[    12] rcv data: 0xe
cycle[    13] snd credit: 1
cycle[    14] snd credit: 1
cycle[    15] snd credit: 1
cycle[    16] snd credit: 1
cycle[    17] snd credit: 1
cycle[    17] rcv data: 0xf
cycle[    18] snd credit: 1
cycle[    19] snd credit: 1
cycle[    20] snd credit: 1
