cycle[     1] snd value: 0xa
cycle[     1] rcv credit: 1
cycle[     2] snd value: 0xb
cycle[     2] rcv credit: 1
cycle[     3] snd value: 0xc
cycle[     3] rcv credit: 1
cycle[     4] rcv credit: 1
cycle[     5] rcv credit: 1
cycle[     6] rcv credit: 1
cycle[     7] snd value: 0xd
cycle[     7] rcv credit: 1
cycle[     8] rcv credit: 1
cycle[     9] rcv credit: 1
cycle[    10] rcv credit: 1
cycle[    11] rcv credit: 1
cycle[    12] snd value: 0xe
cycle[    12] rcv credit: 1
cycle[    13] rcv credit: 1
cycle[    14] rcv credit: 1
cycle[    15] rcv credit: 1
cycle[    16] rcv credit: 1
cycle[    17] snd value: 0xf
cycle[    17] rcv credit: 1
cycle[    18] rcv credit: 1
cycle[    19] rcv credit: 1
